Build started 4/1/2016 10:56:33 PM.
     1>Project "H:\Documents\Uma\NTU\_Dissertation\OpenCL_exmplCode\sample\_only_c\Gaussian_blur_zed\vcproj\intel\intel\intel.vcxproj" on node 2 (Build target(s)).
     1>ClCompile:
         C:\Program Files (x86)\Microsoft Visual Studio 12.0\VC\bin\CL.exe /c /I"C:\Program Files (x86)\Intel\OpenCL SDK\5.3\\include\\" /ZI /nologo /W3 /WX- /Od /Oy- /D WIN32 /D _DEBUG /D _CONSOLE /D _UNICODE /D UNICODE /Gm /EHsc /RTC1 /MDd /GS /fp:precise /Zc:wchar_t /Zc:forScope /Fo"Debug\\" /Fd"Debug\vc120.pdb" /Gd /TP /analyze- /errorReport:prompt ..\..\..\gauss.cpp
         gauss.cpp
     1>h:\documents\uma\ntu\_dissertation\opencl_exmplcode\sample\_only_c\gaussian_blur_zed\pgm.h(35): warning C4996: 'fopen': This function or variable may be unsafe. Consider using fopen_s instead. To disable deprecation, use _CRT_SECURE_NO_WARNINGS. See online help for details.
                 c:\program files (x86)\microsoft visual studio 12.0\vc\include\stdio.h(211) : see declaration of 'fopen'
     1>h:\documents\uma\ntu\_dissertation\opencl_exmplcode\sample\_only_c\gaussian_blur_zed\pgm.h(96): warning C4996: 'fopen': This function or variable may be unsafe. Consider using fopen_s instead. To disable deprecation, use _CRT_SECURE_NO_WARNINGS. See online help for details.
                 c:\program files (x86)\microsoft visual studio 12.0\vc\include\stdio.h(211) : see declaration of 'fopen'
     1>h:\documents\uma\ntu\_dissertation\opencl_exmplcode\sample\_only_c\gaussian_blur_zed\gauss.cpp(32): warning C4996: 'fopen': This function or variable may be unsafe. Consider using fopen_s instead. To disable deprecation, use _CRT_SECURE_NO_WARNINGS. See online help for details.
                 c:\program files (x86)\microsoft visual studio 12.0\vc\include\stdio.h(211) : see declaration of 'fopen'
     1>h:\documents\uma\ntu\_dissertation\opencl_exmplcode\sample\_only_c\gaussian_blur_zed\gauss.cpp(170): warning C4244: '+=' : conversion from 'float' to 'int', possible loss of data
     1>h:\documents\uma\ntu\_dissertation\opencl_exmplcode\sample\_only_c\gaussian_blur_zed\gauss.cpp(175): warning C4244: '=' : conversion from 'int' to 'float', possible loss of data
       Link:
         C:\Program Files (x86)\Microsoft Visual Studio 12.0\VC\bin\link.exe /ERRORREPORT:PROMPT /OUT:"H:\Documents\Uma\NTU\_Dissertation\OpenCL_exmplCode\sample\_only_c\Gaussian_blur_zed\vcproj\intel\\..\..\intel.exe" /INCREMENTAL /NOLOGO /LIBPATH:"C:\Program Files (x86)\Intel\OpenCL SDK\5.3\\lib\x86\\" OpenCL.lib kernel32.lib user32.lib gdi32.lib winspool.lib comdlg32.lib advapi32.lib shell32.lib ole32.lib oleaut32.lib uuid.lib odbc32.lib odbccp32.lib /MANIFEST /MANIFESTUAC:"level='asInvoker' uiAccess='false'" /manifest:embed /DEBUG /PDB:"H:\Documents\Uma\NTU\_Dissertation\OpenCL_exmplCode\sample\_only_c\Gaussian_blur_zed\vcproj\intel\\..\..\intel.pdb" /SUBSYSTEM:CONSOLE /TLBID:1 /DYNAMICBASE /NXCOMPAT /IMPLIB:"H:\Documents\Uma\NTU\_Dissertation\OpenCL_exmplCode\sample\_only_c\Gaussian_blur_zed\vcproj\intel\\..\..\intel.lib" /MACHINE:X86 /SAFESEH Debug\gauss.obj
         LINK : H:\Documents\Uma\NTU\_Dissertation\OpenCL_exmplCode\sample\_only_c\Gaussian_blur_zed\vcproj\intel\\..\..\intel.exe not found or not built by the last incremental link; performing full link
     1>gauss.obj : warning LNK4075: ignoring '/EDITANDCONTINUE' due to '/SAFESEH' specification
         intel.vcxproj -> H:\Documents\Uma\NTU\_Dissertation\OpenCL_exmplCode\sample\_only_c\Gaussian_blur_zed\vcproj\intel\\..\..\intel.exe
     1>Done Building Project "H:\Documents\Uma\NTU\_Dissertation\OpenCL_exmplCode\sample\_only_c\Gaussian_blur_zed\vcproj\intel\intel\intel.vcxproj" (Build target(s)).

Build succeeded.

Time Elapsed 00:00:00.39
