Build started 20/12/2015 7:30:18 PM.
     1>Project "H:\Documents\Uma\NTU\_Dissertation\OpenCL_exmplCode\sample\log_transform\vcproj\intel\intel\intel.vcxproj" on node 2 (Build target(s)).
     1>ClCompile:
         C:\Program Files (x86)\Microsoft Visual Studio 12.0\VC\bin\CL.exe /c /I"C:\Program Files (x86)\Intel\OpenCL SDK\5.3\\include\\" /ZI /nologo /W3 /WX- /Od /Oy- /D WIN32 /D _DEBUG /D _CONSOLE /D _UNICODE /D UNICODE /Gm /EHsc /RTC1 /MDd /GS /fp:precise /Zc:wchar_t /Zc:forScope /Fo"Debug\\" /Fd"Debug\vc120.pdb" /Gd /TP /analyze- /errorReport:prompt ..\..\..\logtrns.cpp
         logtrns.cpp
     1>h:\documents\uma\ntu\_dissertation\opencl_exmplcode\sample\log_transform\pgm.h(35): warning C4996: 'fopen': This function or variable may be unsafe. Consider using fopen_s instead. To disable deprecation, use _CRT_SECURE_NO_WARNINGS. See online help for details.
                 c:\program files (x86)\microsoft visual studio 12.0\vc\include\stdio.h(211) : see declaration of 'fopen'
     1>h:\documents\uma\ntu\_dissertation\opencl_exmplcode\sample\log_transform\pgm.h(96): warning C4996: 'fopen': This function or variable may be unsafe. Consider using fopen_s instead. To disable deprecation, use _CRT_SECURE_NO_WARNINGS. See online help for details.
                 c:\program files (x86)\microsoft visual studio 12.0\vc\include\stdio.h(211) : see declaration of 'fopen'
     1>h:\documents\uma\ntu\_dissertation\opencl_exmplcode\sample\log_transform\logtrns.cpp(76): warning C4996: 'fopen': This function or variable may be unsafe. Consider using fopen_s instead. To disable deprecation, use _CRT_SECURE_NO_WARNINGS. See online help for details.
                 c:\program files (x86)\microsoft visual studio 12.0\vc\include\stdio.h(211) : see declaration of 'fopen'
     1>h:\documents\uma\ntu\_dissertation\opencl_exmplcode\sample\log_transform\logtrns.cpp(109): warning C4996: 'clCreateCommandQueue': was declared deprecated
                 c:\program files (x86)\intel\opencl sdk\5.3\include\cl\cl.h(1423) : see declaration of 'clCreateCommandQueue'
     1>h:\documents\uma\ntu\_dissertation\opencl_exmplcode\sample\log_transform\logtrns.cpp(71): warning C4101: 'lws' : unreferenced local variable
       Link:
         C:\Program Files (x86)\Microsoft Visual Studio 12.0\VC\bin\link.exe /ERRORREPORT:PROMPT /OUT:"H:\Documents\Uma\NTU\_Dissertation\OpenCL_exmplCode\sample\log_transform\vcproj\intel\\..\..\intel.exe" /INCREMENTAL /NOLOGO /LIBPATH:"C:\Program Files (x86)\Intel\OpenCL SDK\5.3\\lib\x86\\" OpenCL.lib kernel32.lib user32.lib gdi32.lib winspool.lib comdlg32.lib advapi32.lib shell32.lib ole32.lib oleaut32.lib uuid.lib odbc32.lib odbccp32.lib /MANIFEST /MANIFESTUAC:"level='asInvoker' uiAccess='false'" /manifest:embed /DEBUG /PDB:"H:\Documents\Uma\NTU\_Dissertation\OpenCL_exmplCode\sample\log_transform\vcproj\intel\\..\..\intel.pdb" /SUBSYSTEM:CONSOLE /TLBID:1 /DYNAMICBASE /NXCOMPAT /IMPLIB:"H:\Documents\Uma\NTU\_Dissertation\OpenCL_exmplCode\sample\log_transform\vcproj\intel\\..\..\intel.lib" /MACHINE:X86 /SAFESEH Debug\logtrns.obj
         intel.vcxproj -> H:\Documents\Uma\NTU\_Dissertation\OpenCL_exmplCode\sample\log_transform\vcproj\intel\\..\..\intel.exe
     1>Done Building Project "H:\Documents\Uma\NTU\_Dissertation\OpenCL_exmplCode\sample\log_transform\vcproj\intel\intel\intel.vcxproj" (Build target(s)).

Build succeeded.

Time Elapsed 00:00:00.38
